Library/Bee/Android/Prj/Mono2x/Gradle/unityLibrary/Opensdk.plugin/build/intermediates/manifest_merge_blame_file/release/manifest-merger-blame-release-report.txt
1<?xml version="1.0" encoding="utf-8"?>
2<manifest xmlns:android="http://schemas.android.com/apk/res/android"
3    package="com.tencent.opensdk.lib"
4    android:versionCode="1"
5    android:versionName="1.0" >
6
7    <uses-sdk
8        android:minSdkVersion="1"
8-->unityLibrary/Opensdk.plugin/AndroidManifest.xml
9        android:targetSdkVersion="19" />
9-->unityLibrary/Opensdk.plugin/AndroidManifest.xml
10
11    <uses-permission android:name="android.permission.RECORD_AUDIO" />
11-->unityLibrary/Opensdk.plugin/AndroidManifest.xml:7:3-69
11-->unityLibrary/Opensdk.plugin/AndroidManifest.xml:7:20-66
12    <uses-permission android:name="android.permission.ACCESS_NETWORK_STATE" />
12-->unityLibrary/Opensdk.plugin/AndroidManifest.xml:8:3-77
12-->unityLibrary/Opensdk.plugin/AndroidManifest.xml:8:20-74
13    <uses-permission android:name="android.permission.ACCESS_WIFI_STATE" />
13-->unityLibrary/Opensdk.plugin/AndroidManifest.xml:9:3-74
13-->unityLibrary/Opensdk.plugin/AndroidManifest.xml:9:20-71
14    <uses-permission android:name="android.permission.INTERNET" />
14-->unityLibrary/Opensdk.plugin/AndroidManifest.xml:10:3-65
14-->unityLibrary/Opensdk.plugin/AndroidManifest.xml:10:20-62
15    <uses-permission android:name="android.permission.MODIFY_AUDIO_SETTINGS" />
15-->unityLibrary/Opensdk.plugin/AndroidManifest.xml:11:3-78
15-->unityLibrary/Opensdk.plugin/AndroidManifest.xml:11:20-75
16    <uses-permission android:name="android.permission.BLUETOOTH" />
16-->unityLibrary/Opensdk.plugin/AndroidManifest.xml:12:3-65
16-->unityLibrary/Opensdk.plugin/AndroidManifest.xml:12:20-63
17    <uses-permission android:name="android.permission.WRITE_EXTERNAL_STORAGE" />
17-->unityLibrary/Opensdk.plugin/AndroidManifest.xml:13:3-78
17-->unityLibrary/Opensdk.plugin/AndroidManifest.xml:13:20-76
18
19</manifest>